<?xml version="1.0" encoding="UTF-8"?>
<testng-results ignored="0" total="2" passed="2" failed="0" skipped="0">
  <reporter-output>
  </reporter-output>
  <suite started-at="2020-08-11T03:11:28Z" name="Default Suite" finished-at="2020-08-11T03:11:44Z" duration-ms="15539">
    <groups>
    </groups>
    <test started-at="2020-08-11T03:11:28Z" name="JavaCore4" finished-at="2020-08-11T03:11:44Z" duration-ms="15539">
      <class name="HomeTests.LoginToKoel">
        <test-method is-config="true" signature="startUp()[pri:0, instance:HomeTests.LoginToKoel@fcd6521]" started-at="2020-08-11T03:11:28Z" name="startUp" finished-at="2020-08-11T03:11:32Z" duration-ms="3554" status="PASS">
          <reporter-output>
          </reporter-output>
        </test-method> <!-- startUp -->
        <test-method signature="loginFail()[pri:0, instance:HomeTests.LoginToKoel@fcd6521]" started-at="2020-08-11T03:11:32Z" name="loginFail" finished-at="2020-08-11T03:11:34Z" duration-ms="1963" status="PASS">
          <reporter-output>
          </reporter-output>
        </test-method> <!-- loginFail -->
        <test-method is-config="true" signature="tearDown()[pri:0, instance:HomeTests.LoginToKoel@fcd6521]" started-at="2020-08-11T03:11:34Z" name="tearDown" finished-at="2020-08-11T03:11:36Z" duration-ms="2612" status="PASS">
          <reporter-output>
          </reporter-output>
        </test-method> <!-- tearDown -->
        <test-method is-config="true" signature="startUp()[pri:0, instance:HomeTests.LoginToKoel@fcd6521]" started-at="2020-08-11T03:11:36Z" name="startUp" finished-at="2020-08-11T03:11:39Z" duration-ms="3040" status="PASS">
          <reporter-output>
          </reporter-output>
        </test-method> <!-- startUp -->
        <test-method signature="loginPass()[pri:0, instance:HomeTests.LoginToKoel@fcd6521]" started-at="2020-08-11T03:11:39Z" name="loginPass" finished-at="2020-08-11T03:11:41Z" duration-ms="1744" status="PASS">
          <reporter-output>
          </reporter-output>
        </test-method> <!-- loginPass -->
        <test-method is-config="true" signature="tearDown()[pri:0, instance:HomeTests.LoginToKoel@fcd6521]" started-at="2020-08-11T03:11:41Z" name="tearDown" finished-at="2020-08-11T03:11:44Z" duration-ms="2607" status="PASS">
          <reporter-output>
          </reporter-output>
        </test-method> <!-- tearDown -->
      </class> <!-- HomeTests.LoginToKoel -->
    </test> <!-- JavaCore4 -->
  </suite> <!-- Default Suite -->
</testng-results>
